<?xml version="1.0" encoding="UTF-8"?>
<!-- Generated by org.testng.reporters.JUnitReportReporter -->
<testsuite hostname="DESKTOP-BEBTCQ0" failures="0" tests="1" name="demopakage.TestRest_Assured" time="5.539" errors="0" timestamp="2023-09-15T18:57:13 IST" skipped="0">
  <testcase classname="demopakage.TestRest_Assured" name="getUser" time="5.539"/>
  <system-out/>
</testsuite> <!-- demopakage.TestRest_Assured -->
