<?xml version="1.0" encoding="UTF-8"?>
<!-- Generated by org.testng.reporters.JUnitReportReporter -->
<testsuite hostname="DESKTOP-BEBTCQ0" failures="0" tests="1" name="demopakage.PostAPIRequestUsingTextFile" time="6.289" errors="0" timestamp="2023-10-16T18:26:23 IST" skipped="0">
  <testcase classname="demopakage.PostAPIRequestUsingTextFile" name="postAPIRequest" time="6.289"/>
  <system-out/>
</testsuite> <!-- demopakage.PostAPIRequestUsingTextFile -->
