<?xml version="1.0" encoding="UTF-8"?>
<!-- Generated by org.testng.reporters.JUnitReportReporter -->
<testsuite hostname="DESKTOP-BEBTCQ0" failures="0" tests="1" name="webAppTestPackeg.TestBrokenLink" time="21.420" errors="0" timestamp="2024-01-24T13:32:10 IST" skipped="0">
  <testcase classname="webAppTestPackeg.TestBrokenLink" name="testLinks" time="21.420"/>
  <system-out/>
</testsuite> <!-- webAppTestPackeg.TestBrokenLink -->
