<?xml version="1.0" encoding="UTF-8"?>
<!-- Generated by org.testng.reporters.JUnitReportReporter -->
<testsuite hostname="DESKTOP-BEBTCQ0" failures="0" tests="1" name="bookingAPITest.E2EBookingAPITest" time="12.803" errors="0" timestamp="2023-10-13T22:52:34 IST" skipped="0">
  <testcase classname="bookingAPITest.E2EBookingAPITest" name="apiTestwithExcelData" time="12.803"/>
  <system-out/>
</testsuite> <!-- bookingAPITest.E2EBookingAPITest -->
