<?xml version="1.0" encoding="UTF-8"?>
<!-- Generated by org.testng.reporters.JUnitReportReporter -->
<testsuite hostname="DESKTOP-BEBTCQ0" failures="0" tests="1" name="tataNeuTest.AddProductIntoCromaCart" time="38.328" errors="0" timestamp="2024-01-25T09:41:38 IST" skipped="0">
  <testcase classname="tataNeuTest.AddProductIntoCromaCart" name="cromaProductAddIntoCartTest" time="38.328"/>
  <system-out/>
</testsuite> <!-- tataNeuTest.AddProductIntoCromaCart -->
