<?xml version="1.0" encoding="UTF-8"?>
<!-- Generated by org.testng.reporters.JUnitReportReporter -->
<testsuite hostname="DESKTOP-BEBTCQ0" failures="0" tests="1" name="webAppTestPackeg.TestBrokenLink" time="6.362" errors="0" timestamp="2024-01-24T14:04:02 IST" skipped="0">
  <testcase classname="webAppTestPackeg.TestBrokenLink" name="testLinks" time="6.362"/>
  <system-out/>
</testsuite> <!-- webAppTestPackeg.TestBrokenLink -->
