<?xml version="1.0" encoding="UTF-8"?>
<!-- Generated by org.testng.reporters.JUnitReportReporter -->
<testsuite hostname="DESKTOP-BEBTCQ0" failures="0" tests="1" name="demopakage.Get_Request_Test" time="5.066" errors="0" timestamp="2023-09-16T07:07:09 IST" skipped="0">
  <testcase classname="demopakage.Get_Request_Test" name="get_Users" time="5.066"/>
  <system-out/>
</testsuite> <!-- demopakage.Get_Request_Test -->
