<?xml version="1.0" encoding="UTF-8"?>
<!-- Generated by org.testng.reporters.JUnitReportReporter -->
<testsuite hostname="DESKTOP-BEBTCQ0" failures="0" tests="1" name="gitHubAPI.CreateRepo" time="7.481" errors="0" timestamp="2023-09-16T21:42:54 IST" skipped="0">
  <testcase classname="gitHubAPI.CreateRepo" name="createGitHubRepo" time="7.481"/>
  <system-out/>
</testsuite> <!-- gitHubAPI.CreateRepo -->
