<?xml version="1.0" encoding="UTF-8"?>
<!-- Generated by org.testng.reporters.JUnitReportReporter -->
<testsuite hostname="DESKTOP-BEBTCQ0" failures="0" tests="1" name="demopakage.TestRest_Assured_FirstAPITest" time="3.294" errors="0" timestamp="2023-09-16T06:30:55 IST" skipped="0">
  <testcase classname="demopakage.TestRest_Assured_FirstAPITest" name="getUser" time="3.294"/>
  <system-out/>
</testsuite> <!-- demopakage.TestRest_Assured_FirstAPITest -->
