<?xml version="1.0" encoding="UTF-8"?>
<!-- Generated by org.testng.reporters.JUnitReportReporter -->
<testsuite hostname="DESKTOP-BEBTCQ0" failures="0" tests="1" name="e2eBookingAPI.UpdateBookingAPITest" time="16.963" errors="0" timestamp="2023-11-07T14:50:30 IST" skipped="0">
  <testcase classname="e2eBookingAPI.UpdateBookingAPITest" name="updateBooking" time="16.963"/>
  <system-out/>
</testsuite> <!-- e2eBookingAPI.UpdateBookingAPITest -->
