<?xml version="1.0" encoding="UTF-8"?>
<!-- Generated by org.testng.reporters.JUnitReportReporter -->
<testsuite hostname="DESKTOP-BEBTCQ0" failures="0" tests="1" name="demopakage.BookingAPITest" time="7.487" errors="0" timestamp="2023-10-12T07:37:59 IST" skipped="0">
  <testcase classname="demopakage.BookingAPITest" name="bookingAPItest" time="7.487"/>
  <system-out/>
</testsuite> <!-- demopakage.BookingAPITest -->
