<?xml version="1.0" encoding="UTF-8"?>
<!-- Generated by org.testng.reporters.JUnitReportReporter -->
<testsuite hostname="DESKTOP-BEBTCQ0" failures="0" tests="1" name="bookingAPITest.BookingAPITest" time="6.454" errors="0" timestamp="2023-12-09T09:06:07 IST" skipped="0">
  <testcase classname="bookingAPITest.BookingAPITest" name="bookingAPItest" time="6.454"/>
  <system-out/>
</testsuite> <!-- bookingAPITest.BookingAPITest -->
