<?xml version="1.0" encoding="UTF-8"?>
<!-- Generated by org.testng.reporters.JUnitReportReporter -->
<testsuite hostname="DESKTOP-BEBTCQ0" failures="0" tests="1" name="webAppTestPackeg.AnotestionTest" time="20.142" errors="0" timestamp="2023-10-17T17:10:16 IST" skipped="0">
  <testcase classname="webAppTestPackeg.AnotestionTest" name="hdfcbankTest" time="20.142"/>
  <system-out/>
</testsuite> <!-- webAppTestPackeg.AnotestionTest -->
