<?xml version="1.0" encoding="UTF-8"?>
<!-- Generated by org.testng.reporters.JUnitReportReporter -->
<testsuite hostname="DESKTOP-BEBTCQ0" failures="0" tests="1" name="gitHubAPI.GetRepos" time="7.977" errors="0" timestamp="2023-09-16T21:28:02 IST" skipped="0">
  <testcase classname="gitHubAPI.GetRepos" name="getRepos" time="7.977"/>
  <system-out/>
</testsuite> <!-- gitHubAPI.GetRepos -->
