<?xml version="1.0" encoding="UTF-8"?>
<!-- Generated by org.testng.reporters.JUnitReportReporter -->
<testsuite hostname="DESKTOP-BEBTCQ0" failures="0" tests="3" name="e2eBookingAPI.CreateBookingAPITest" time="24.070" errors="0" timestamp="2023-10-21T18:58:09 IST" skipped="0">
  <testcase classname="e2eBookingAPI.CreateBookingAPITest" name="createBookingAPItest" time="11.491"/>
  <system-out/>
  <testcase classname="e2eBookingAPI.CreateBookingAPITest" name="createBookingAPItest" time="5.436"/>
  <system-out/>
  <testcase classname="e2eBookingAPI.CreateBookingAPITest" name="createBookingAPItest" time="7.143"/>
  <system-out/>
</testsuite> <!-- e2eBookingAPI.CreateBookingAPITest -->
