<?xml version="1.0" encoding="UTF-8"?>
<!-- Generated by org.testng.reporters.JUnitReportReporter -->
<testsuite hostname="DESKTOP-BEBTCQ0" failures="0" tests="1" name="demopakage.PostWithJsonArray" time="4.492" errors="0" timestamp="2023-09-19T10:25:29 IST" skipped="0">
  <testcase classname="demopakage.PostWithJsonArray" name="createAndValidate" time="4.492"/>
  <system-out/>
</testsuite> <!-- demopakage.PostWithJsonArray -->
